Release 14.4 Map P.49d (nt)
Xilinx Mapping Report File for Design 'cpme48'

Design Information
------------------
Command Line   : map -intstyle ise -p xc3s500e-pq208-4 -cm area -ir off -pr off
-c 100 -o cpme48_map.ncd cpme48.ngd cpme48.pcf 
Target Device  : xc3s500e
Target Package : pq208
Target Speed   : -4
Mapper Version : spartan3e -- $Revision: 1.55 $
Mapped Date    : Fri Jul 18 10:42:42 2014

Design Summary
--------------
Number of errors:      0
Number of warnings:    6
Logic Utilization:
  Total Number Slice Registers:         218 out of   9,312    2%
    Number used as Flip Flops:          120
    Number used as Latches:              98
  Number of 4 input LUTs:               299 out of   9,312    3%
Logic Distribution:
  Number of occupied Slices:            222 out of   4,656    4%
    Number of Slices containing only related logic:     222 out of     222 100%
    Number of Slices containing unrelated logic:          0 out of     222   0%
      *See NOTES below for an explanation of the effects of unrelated logic.
  Total Number of 4 input LUTs:         314 out of   9,312    3%
    Number used as logic:               299
    Number used as a route-thru:         15

  The Slice Logic Distribution report is not meaningful if the design is
  over-mapped for a non-slice resource or if Placement fails.

  Number of bonded IOBs:                113 out of     158   71%
    IOB Latches:                         83
  Number of BUFGMUXs:                     5 out of      24   20%

Average Fanout of Non-Clock Nets:                3.17

Peak Memory Usage:  203 MB
Total REAL time to MAP completion:  4 secs 
Total CPU time to MAP completion:   2 secs 

NOTES:

   Related logic is defined as being logic that shares connectivity - e.g. two
   LUTs are "related" if they share common inputs.  When assembling slices,
   Map gives priority to combine logic that is related.  Doing so results in
   the best timing performance.

   Unrelated logic shares no connectivity.  Map will only begin packing
   unrelated logic into a slice once 99% of the slices are occupied through
   related logic packing.

   Note that once logic distribution reaches the 99% level through related
   logic packing, this does not mean the device is completely utilized.
   Unrelated logic packing will then begin, continuing until all usable LUTs
   and FFs are occupied.  Depending on your timing budget, increased levels of
   unrelated logic packing may adversely affect the overall timing performance
   of your design.

Table of Contents
-----------------
Section 1 - Errors
Section 2 - Warnings
Section 3 - Informational
Section 4 - Removed Logic Summary
Section 5 - Removed Logic
Section 6 - IOB Properties
Section 7 - RPMs
Section 8 - Guide Report
Section 9 - Area Group and Partition Summary
Section 10 - Timing Report
Section 11 - Configuration String Information
Section 12 - Control Set Information
Section 13 - Utilization by Hierarchy

Section 1 - Errors
------------------

Section 2 - Warnings
--------------------
WARNING:PhysDesignRules:372 - Gated clock. Clock net umemo/Mtrien_IOout_not0001
   is sourced by a combinatorial pin. This is not good design practice. Use the
   CE pin to control the loading of data into the flip-flop.
WARNING:PhysDesignRules:372 - Gated clock. Clock net
   umemo/Mtridata_IOout_cmp_eq0000 is sourced by a combinatorial pin. This is
   not good design practice. Use the CE pin to control the loading of data into
   the flip-flop.
WARNING:PhysDesignRules:372 - Gated clock. Clock net umemo/nPRD_not0001 is
   sourced by a combinatorial pin. This is not good design practice. Use the CE
   pin to control the loading of data into the flip-flop.
WARNING:PhysDesignRules:372 - Gated clock. Clock net umemctrl/ABUS_not0001 is
   sourced by a combinatorial pin. This is not good design practice. Use the CE
   pin to control the loading of data into the flip-flop.
WARNING:PhysDesignRules:372 - Gated clock. Clock net
   umemctrl/Mtrien_DBUS<0>_not0001 is sourced by a combinatorial pin. This is
   not good design practice. Use the CE pin to control the loading of data into
   the flip-flop.
WARNING:PhysDesignRules:372 - Gated clock. Clock net uwrback/Rupdate_not0001 is
   sourced by a combinatorial pin. This is not good design practice. Use the CE
   pin to control the loading of data into the flip-flop.

Section 3 - Informational
-------------------------
INFO:MapLib:562 - No environment variables are currently set.
INFO:LIT:244 - All of the single ended outputs in this design are using slew
   rate limited output drivers. The delay on speed critical single ended outputs
   can be dramatically reduced by designating them as fast outputs.

Section 4 - Removed Logic Summary
---------------------------------
   2 block(s) optimized away

Section 5 - Removed Logic
-------------------------

Optimized Block(s):
TYPE 		BLOCK
GND 		XST_GND
VCC 		XST_VCC

To enable printing of redundant blocks removed and signals merged, set the
detailed map report option and rerun map.

Section 6 - IOB Properties
--------------------------

+---------------------------------------------------------------------------------------------------------------------------------------------------------+
| IOB Name                           | Type             | Direction | IO Standard          | Diff  | Drive    | Slew | Reg (s)      | Resistor | IOB      |
|                                    |                  |           |                      | Term  | Strength | Rate |              |          | Delay    |
+---------------------------------------------------------------------------------------------------------------------------------------------------------+
| ABUS<0>                            | IOB              | OUTPUT    | LVCMOS25             |       | 12       | SLOW | OFF1         |          | 0 / 0    |
| ABUS<1>                            | IOB              | OUTPUT    | LVCMOS25             |       | 12       | SLOW | OFF1         |          | 0 / 0    |
| ABUS<2>                            | IOB              | OUTPUT    | LVCMOS25             |       | 12       | SLOW | OFF1         |          | 0 / 0    |
| ABUS<3>                            | IOB              | OUTPUT    | LVCMOS25             |       | 12       | SLOW | OFF1         |          | 0 / 0    |
| ABUS<4>                            | IOB              | OUTPUT    | LVCMOS25             |       | 12       | SLOW | OFF1         |          | 0 / 0    |
| ABUS<5>                            | IOB              | OUTPUT    | LVCMOS25             |       | 12       | SLOW | OFF1         |          | 0 / 0    |
| ABUS<6>                            | IOB              | OUTPUT    | LVCMOS25             |       | 12       | SLOW | OFF1         |          | 0 / 0    |
| ABUS<7>                            | IOB              | OUTPUT    | LVCMOS25             |       | 12       | SLOW | OFF1         |          | 0 / 0    |
| ABUS<8>                            | IOB              | OUTPUT    | LVCMOS25             |       | 12       | SLOW | OFF1         |          | 0 / 0    |
| ABUS<9>                            | IOB              | OUTPUT    | LVCMOS25             |       | 12       | SLOW | OFF1         |          | 0 / 0    |
| ABUS<10>                           | IOB              | OUTPUT    | LVCMOS25             |       | 12       | SLOW | OFF1         |          | 0 / 0    |
| ABUS<11>                           | IOB              | OUTPUT    | LVCMOS25             |       | 12       | SLOW | OFF1         |          | 0 / 0    |
| ABUS<12>                           | IOB              | OUTPUT    | LVCMOS25             |       | 12       | SLOW | OFF1         |          | 0 / 0    |
| ABUS<13>                           | IOB              | OUTPUT    | LVCMOS25             |       | 12       | SLOW | OFF1         |          | 0 / 0    |
| ABUS<14>                           | IOB              | OUTPUT    | LVCMOS25             |       | 12       | SLOW | OFF1         |          | 0 / 0    |
| ABUS<15>                           | IOB              | OUTPUT    | LVCMOS25             |       | 12       | SLOW | OFF1         |          | 0 / 0    |
| ABUSout<0>                         | IOB              | OUTPUT    | LVCMOS25             |       | 12       | SLOW | OFF1         |          | 0 / 0    |
| ABUSout<1>                         | IOB              | OUTPUT    | LVCMOS25             |       | 12       | SLOW | OFF1         |          | 0 / 0    |
| ABUSout<2>                         | IOB              | OUTPUT    | LVCMOS25             |       | 12       | SLOW | OFF1         |          | 0 / 0    |
| ABUSout<3>                         | IOB              | OUTPUT    | LVCMOS25             |       | 12       | SLOW | OFF1         |          | 0 / 0    |
| ABUSout<4>                         | IOB              | OUTPUT    | LVCMOS25             |       | 12       | SLOW | OFF1         |          | 0 / 0    |
| ABUSout<5>                         | IOB              | OUTPUT    | LVCMOS25             |       | 12       | SLOW | OFF1         |          | 0 / 0    |
| ABUSout<6>                         | IOB              | OUTPUT    | LVCMOS25             |       | 12       | SLOW | OFF1         |          | 0 / 0    |
| ABUSout<7>                         | IOB              | OUTPUT    | LVCMOS25             |       | 12       | SLOW | OFF1         |          | 0 / 0    |
| ABUSout<8>                         | IOB              | OUTPUT    | LVCMOS25             |       | 12       | SLOW | OFF1         |          | 0 / 0    |
| ABUSout<9>                         | IOB              | OUTPUT    | LVCMOS25             |       | 12       | SLOW | OFF1         |          | 0 / 0    |
| ABUSout<10>                        | IOB              | OUTPUT    | LVCMOS25             |       | 12       | SLOW | OFF1         |          | 0 / 0    |
| ABUSout<11>                        | IOB              | OUTPUT    | LVCMOS25             |       | 12       | SLOW | OFF1         |          | 0 / 0    |
| ABUSout<12>                        | IOB              | OUTPUT    | LVCMOS25             |       | 12       | SLOW | OFF1         |          | 0 / 0    |
| ABUSout<13>                        | IOB              | OUTPUT    | LVCMOS25             |       | 12       | SLOW | OFF1         |          | 0 / 0    |
| ABUSout<14>                        | IOB              | OUTPUT    | LVCMOS25             |       | 12       | SLOW | OFF1         |          | 0 / 0    |
| ABUSout<15>                        | IOB              | OUTPUT    | LVCMOS25             |       | 12       | SLOW | OFF1         |          | 0 / 0    |
| DBUS<0>                            | IOB              | BIDIR     | LVCMOS25             |       | 12       | SLOW | OFF1         |          | 0 / 0    |
|                                    |                  |           |                      |       |          |      | TFF1         |          |          |
| DBUS<1>                            | IOB              | BIDIR     | LVCMOS25             |       | 12       | SLOW | OFF1         |          | 0 / 0    |
|                                    |                  |           |                      |       |          |      | TFF1         |          |          |
| DBUS<2>                            | IOB              | BIDIR     | LVCMOS25             |       | 12       | SLOW | OFF1         |          | 0 / 0    |
|                                    |                  |           |                      |       |          |      | TFF1         |          |          |
| DBUS<3>                            | IOB              | BIDIR     | LVCMOS25             |       | 12       | SLOW | OFF1         |          | 0 / 0    |
|                                    |                  |           |                      |       |          |      | TFF1         |          |          |
| DBUS<4>                            | IOB              | BIDIR     | LVCMOS25             |       | 12       | SLOW | OFF1         |          | 0 / 0    |
|                                    |                  |           |                      |       |          |      | TFF1         |          |          |
| DBUS<5>                            | IOB              | BIDIR     | LVCMOS25             |       | 12       | SLOW | OFF1         |          | 0 / 0    |
|                                    |                  |           |                      |       |          |      | TFF1         |          |          |
| DBUS<6>                            | IOB              | BIDIR     | LVCMOS25             |       | 12       | SLOW | OFF1         |          | 0 / 0    |
|                                    |                  |           |                      |       |          |      | TFF1         |          |          |
| DBUS<7>                            | IOB              | BIDIR     | LVCMOS25             |       | 12       | SLOW | OFF1         |          | 0 / 0    |
|                                    |                  |           |                      |       |          |      | TFF1         |          |          |
| DBUS<8>                            | IBUF             | INPUT     | LVCMOS25             |       |          |      |              |          | 0 / 0    |
| DBUS<9>                            | IBUF             | INPUT     | LVCMOS25             |       |          |      |              |          | 0 / 0    |
| DBUS<10>                           | IBUF             | INPUT     | LVCMOS25             |       |          |      |              |          | 0 / 0    |
| DBUS<11>                           | IBUF             | INPUT     | LVCMOS25             |       |          |      |              |          | 0 / 0    |
| DBUS<12>                           | IBUF             | INPUT     | LVCMOS25             |       |          |      |              |          | 0 / 0    |
| DBUS<13>                           | IBUF             | INPUT     | LVCMOS25             |       |          |      |              |          | 0 / 0    |
| DBUS<14>                           | IBUF             | INPUT     | LVCMOS25             |       |          |      |              |          | 0 / 0    |
| DBUS<15>                           | IBUF             | INPUT     | LVCMOS25             |       |          |      |              |          | 0 / 0    |
| DBUSout<0>                         | IOB              | OUTPUT    | LVCMOS25             |       | 12       | SLOW |              |          | 0 / 0    |
| DBUSout<1>                         | IOB              | OUTPUT    | LVCMOS25             |       | 12       | SLOW |              |          | 0 / 0    |
| DBUSout<2>                         | IOB              | OUTPUT    | LVCMOS25             |       | 12       | SLOW |              |          | 0 / 0    |
| DBUSout<3>                         | IOB              | OUTPUT    | LVCMOS25             |       | 12       | SLOW |              |          | 0 / 0    |
| DBUSout<4>                         | IOB              | OUTPUT    | LVCMOS25             |       | 12       | SLOW |              |          | 0 / 0    |
| DBUSout<5>                         | IOB              | OUTPUT    | LVCMOS25             |       | 12       | SLOW |              |          | 0 / 0    |
| DBUSout<6>                         | IOB              | OUTPUT    | LVCMOS25             |       | 12       | SLOW |              |          | 0 / 0    |
| DBUSout<7>                         | IOB              | OUTPUT    | LVCMOS25             |       | 12       | SLOW |              |          | 0 / 0    |
| DBUSout<8>                         | IOB              | OUTPUT    | LVCMOS25             |       | 12       | SLOW |              |          | 0 / 0    |
| DBUSout<9>                         | IOB              | OUTPUT    | LVCMOS25             |       | 12       | SLOW |              |          | 0 / 0    |
| DBUSout<10>                        | IOB              | OUTPUT    | LVCMOS25             |       | 12       | SLOW |              |          | 0 / 0    |
| DBUSout<11>                        | IOB              | OUTPUT    | LVCMOS25             |       | 12       | SLOW |              |          | 0 / 0    |
| DBUSout<12>                        | IOB              | OUTPUT    | LVCMOS25             |       | 12       | SLOW |              |          | 0 / 0    |
| DBUSout<13>                        | IOB              | OUTPUT    | LVCMOS25             |       | 12       | SLOW |              |          | 0 / 0    |
| DBUSout<14>                        | IOB              | OUTPUT    | LVCMOS25             |       | 12       | SLOW |              |          | 0 / 0    |
| DBUSout<15>                        | IOB              | OUTPUT    | LVCMOS25             |       | 12       | SLOW |              |          | 0 / 0    |
| IOAD<0>                            | IOB              | OUTPUT    | LVCMOS25             |       | 12       | SLOW |              |          | 0 / 0    |
| IOAD<1>                            | IOB              | OUTPUT    | LVCMOS25             |       | 12       | SLOW |              |          | 0 / 0    |
| IOAD<2>                            | IOB              | OUTPUT    | LVCMOS25             |       | 12       | SLOW |              |          | 0 / 0    |
| IOin<0>                            | IBUF             | INPUT     | LVCMOS25             |       |          |      |              |          | 0 / 0    |
| IOin<1>                            | IBUF             | INPUT     | LVCMOS25             |       |          |      |              |          | 0 / 0    |
| IOin<2>                            | IBUF             | INPUT     | LVCMOS25             |       |          |      |              |          | 0 / 0    |
| IOin<3>                            | IBUF             | INPUT     | LVCMOS25             |       |          |      |              |          | 0 / 0    |
| IOin<4>                            | IBUF             | INPUT     | LVCMOS25             |       |          |      |              |          | 0 / 0    |
| IOin<5>                            | IBUF             | INPUT     | LVCMOS25             |       |          |      |              |          | 0 / 0    |
| IOin<6>                            | IBUF             | INPUT     | LVCMOS25             |       |          |      |              |          | 0 / 0    |
| IOin<7>                            | IBUF             | INPUT     | LVCMOS25             |       |          |      |              |          | 0 / 0    |
| IOout<0>                           | IOB              | OUTPUT    | LVCMOS25             |       | 12       | SLOW | OFF1         |          | 0 / 0    |
|                                    |                  |           |                      |       |          |      | TFF2         |          |          |
| IOout<1>                           | IOB              | OUTPUT    | LVCMOS25             |       | 12       | SLOW | OFF1         |          | 0 / 0    |
|                                    |                  |           |                      |       |          |      | TFF2         |          |          |
| IOout<2>                           | IOB              | OUTPUT    | LVCMOS25             |       | 12       | SLOW | OFF1         |          | 0 / 0    |
|                                    |                  |           |                      |       |          |      | TFF2         |          |          |
| IOout<3>                           | IOB              | OUTPUT    | LVCMOS25             |       | 12       | SLOW | OFF1         |          | 0 / 0    |
|                                    |                  |           |                      |       |          |      | TFF2         |          |          |
| IOout<4>                           | IOB              | OUTPUT    | LVCMOS25             |       | 12       | SLOW | OFF1         |          | 0 / 0    |
|                                    |                  |           |                      |       |          |      | TFF2         |          |          |
| IOout<5>                           | IOB              | OUTPUT    | LVCMOS25             |       | 12       | SLOW | OFF1         |          | 0 / 0    |
|                                    |                  |           |                      |       |          |      | TFF2         |          |          |
| IOout<6>                           | IOB              | OUTPUT    | LVCMOS25             |       | 12       | SLOW | OFF1         |          | 0 / 0    |
|                                    |                  |           |                      |       |          |      | TFF2         |          |          |
| IOout<7>                           | IOB              | OUTPUT    | LVCMOS25             |       | 12       | SLOW | OFF1         |          | 0 / 0    |
|                                    |                  |           |                      |       |          |      | TFF2         |          |          |
| IR<0>                              | IOB              | OUTPUT    | LVCMOS25             |       | 12       | SLOW | OFF1         |          | 0 / 0    |
| IR<1>                              | IOB              | OUTPUT    | LVCMOS25             |       | 12       | SLOW | OFF1         |          | 0 / 0    |
| IR<2>                              | IOB              | OUTPUT    | LVCMOS25             |       | 12       | SLOW | OFF1         |          | 0 / 0    |
| IR<3>                              | IOB              | OUTPUT    | LVCMOS25             |       | 12       | SLOW | OFF1         |          | 0 / 0    |
| IR<4>                              | IOB              | OUTPUT    | LVCMOS25             |       | 12       | SLOW | OFF1         |          | 0 / 0    |
| IR<5>                              | IOB              | OUTPUT    | LVCMOS25             |       | 12       | SLOW | OFF1         |          | 0 / 0    |
| IR<6>                              | IOB              | OUTPUT    | LVCMOS25             |       | 12       | SLOW | OFF1         |          | 0 / 0    |
| IR<7>                              | IOB              | OUTPUT    | LVCMOS25             |       | 12       | SLOW | OFF1         |          | 0 / 0    |
| IR<8>                              | IOB              | OUTPUT    | LVCMOS25             |       | 12       | SLOW | OFF1         |          | 0 / 0    |
| IR<9>                              | IOB              | OUTPUT    | LVCMOS25             |       | 12       | SLOW | OFF1         |          | 0 / 0    |
| IR<10>                             | IOB              | OUTPUT    | LVCMOS25             |       | 12       | SLOW | OFF1         |          | 0 / 0    |
| IR<11>                             | IOB              | OUTPUT    | LVCMOS25             |       | 12       | SLOW | OFF1         |          | 0 / 0    |
| IR<12>                             | IOB              | OUTPUT    | LVCMOS25             |       | 12       | SLOW | OFF1         |          | 0 / 0    |
| IR<13>                             | IOB              | OUTPUT    | LVCMOS25             |       | 12       | SLOW | OFF1         |          | 0 / 0    |
| IR<14>                             | IOB              | OUTPUT    | LVCMOS25             |       | 12       | SLOW | OFF1         |          | 0 / 0    |
| IR<15>                             | IOB              | OUTPUT    | LVCMOS25             |       | 12       | SLOW | OFF1         |          | 0 / 0    |
| bst<0>                             | IOB              | OUTPUT    | LVCMOS25             |       | 12       | SLOW |              |          | 0 / 0    |
| bst<1>                             | IOB              | OUTPUT    | LVCMOS25             |       | 12       | SLOW |              |          | 0 / 0    |
| bst<2>                             | IOB              | OUTPUT    | LVCMOS25             |       | 12       | SLOW |              |          | 0 / 0    |
| bst<3>                             | IOB              | OUTPUT    | LVCMOS25             |       | 12       | SLOW |              |          | 0 / 0    |
| clk                                | IBUF             | INPUT     | LVCMOS25             |       |          |      |              |          | 0 / 0    |
| nBHE                               | IOB              | OUTPUT    | LVCMOS25             |       | 12       | SLOW |              |          | 0 / 0    |
| nBLE                               | IOB              | OUTPUT    | LVCMOS25             |       | 12       | SLOW |              |          | 0 / 0    |
| nMREQ                              | IOB              | OUTPUT    | LVCMOS25             |       | 12       | SLOW |              |          | 0 / 0    |
| nPRD                               | IOB              | OUTPUT    | LVCMOS25             |       | 12       | SLOW | OFF1         |          | 0 / 0    |
| nPREQ                              | IOB              | OUTPUT    | LVCMOS25             |       | 12       | SLOW | OFF1         |          | 0 / 0    |
| nPWR                               | IOB              | OUTPUT    | LVCMOS25             |       | 12       | SLOW | OFF1         |          | 0 / 0    |
| nRD                                | IOB              | OUTPUT    | LVCMOS25             |       | 12       | SLOW |              |          | 0 / 0    |
| nWR                                | IOB              | OUTPUT    | LVCMOS25             |       | 12       | SLOW |              |          | 0 / 0    |
| rst                                | IBUF             | INPUT     | LVCMOS25             |       |          |      |              |          | 0 / 0    |
+---------------------------------------------------------------------------------------------------------------------------------------------------------+

Section 7 - RPMs
----------------

Section 8 - Guide Report
------------------------
Guide not run on this design.

Section 9 - Area Group and Partition Summary
--------------------------------------------

Partition Implementation Status
-------------------------------

  No Partitions were found in this design.

-------------------------------

Area Group Information
----------------------

  No area groups were found in this design.

----------------------

Section 10 - Timing Report
--------------------------
This design was not run using timing mode.

Section 11 - Configuration String Details
-----------------------------------------
Use the "-detail" map option to print out Configuration Strings

Section 12 - Control Set Information
------------------------------------
No control set information for this architecture.

Section 13 - Utilization by Hierarchy
-------------------------------------
Use the "-detail" map option to print out the Utilization by Hierarchy section.
